<?xml version="1.0" encoding="UTF-8" ?>
<testsuite failures="0" time="0.298" errors="0" skipped="0" tests="1" name="com.coresolutins.training.HttpHelperEmbeddedTest">
  <properties>
    <property name="java.runtime.name" value="Java(TM) SE Runtime Environment"/>
    <property name="sun.boot.library.path" value="d:\java\jdk1.6.0_25\jre\bin"/>
    <property name="java.vm.version" value="20.0-b11"/>
    <property name="java.vm.vendor" value="Sun Microsystems Inc."/>
    <property name="java.vendor.url" value="http://java.sun.com/"/>
    <property name="path.separator" value=";"/>
    <property name="java.vm.name" value="Java HotSpot(TM) Client VM"/>
    <property name="file.encoding.pkg" value="sun.io"/>
    <property name="user.country" value="US"/>
    <property name="sun.java.launcher" value="SUN_STANDARD"/>
    <property name="sun.os.patch.level" value="Service Pack 1"/>
    <property name="java.vm.specification.name" value="Java Virtual Machine Specification"/>
    <property name="user.dir" value="E:\junit-training\junit-training"/>
    <property name="java.runtime.version" value="1.6.0_25-b06"/>
    <property name="java.awt.graphicsenv" value="sun.awt.Win32GraphicsEnvironment"/>
    <property name="basedir" value="E:\junit-training\junit-training"/>
    <property name="java.endorsed.dirs" value="d:\java\jdk1.6.0_25\jre\lib\endorsed"/>
    <property name="os.arch" value="x86"/>
    <property name="surefire.real.class.path" value="C:\Users\JIMMY~1.CHE\AppData\Local\Temp\surefirebooter8238616743643713640.jar"/>
    <property name="java.io.tmpdir" value="C:\Users\JIMMY~1.CHE\AppData\Local\Temp\"/>
    <property name="line.separator" value="
"/>
    <property name="java.vm.specification.vendor" value="Sun Microsystems Inc."/>
    <property name="user.variant" value=""/>
    <property name="os.name" value="Windows 7"/>
    <property name="sun.jnu.encoding" value="GBK"/>
    <property name="java.library.path" value="d:\java\jdk1.6.0_25\jre\bin;.;C:\Windows\Sun\Java\bin;C:\Windows\system32;C:\Windows;d:\java\jdk1.6.0_25\bin;C:\Program Files (x86)\nodejs\;D:\tools\agntctrl.win_ia32-TPTP-4.7.2/plugins/org.eclipse.tptp.javaprofiler;D:\tools\agntctrl.win_ia32-TPTP-4.7.2/bin;C:\oracle\product\11.2.0\client\bin;C:\oracle\product\10.2.0\client\bin;C:\oracle\product\9.2.0.1\client\bin;C:\tools\apache-ant-1.8.2\bin;C:\tools\apache-maven-2.2.1\bin;C:\tools\PortableGit-1.7.4\bin;C:\Windows\SYSTEM32;C:\Windows;C:\Windows\SYSTEM32\WBEM;C:\Windows\SYSTEM32\WINDOWSPOWERSHELL\V1.0\;"/>
    <property name="surefire.test.class.path" value="E:\junit-training\junit-training\target\test-classes;E:\junit-training\junit-training\target\generated-classes\cobertura;C:\Users\Jimmy.Chen\.m2\repository\org\apache\struts\struts2-core\2.3.1.2\struts2-core-2.3.1.2.jar;C:\Users\Jimmy.Chen\.m2\repository\org\apache\struts\xwork\xwork-core\2.3.1.2\xwork-core-2.3.1.2.jar;C:\Users\Jimmy.Chen\.m2\repository\commons-lang\commons-lang\2.5\commons-lang-2.5.jar;C:\Users\Jimmy.Chen\.m2\repository\ognl\ognl\3.0.4\ognl-3.0.4.jar;C:\Users\Jimmy.Chen\.m2\repository\javassist\javassist\3.11.0.GA\javassist-3.11.0.GA.jar;C:\Users\Jimmy.Chen\.m2\repository\asm\asm\3.3\asm-3.3.jar;C:\Users\Jimmy.Chen\.m2\repository\asm\asm-commons\3.3\asm-commons-3.3.jar;C:\Users\Jimmy.Chen\.m2\repository\asm\asm-tree\3.3\asm-tree-3.3.jar;C:\Users\Jimmy.Chen\.m2\repository\org\freemarker\freemarker\2.3.18\freemarker-2.3.18.jar;C:\Users\Jimmy.Chen\.m2\repository\commons-fileupload\commons-fileupload\1.2.2\commons-fileupload-1.2.2.jar;C:\Users\Jimmy.Chen\.m2\repository\commons-io\commons-io\2.0.1\commons-io-2.0.1.jar;d:\java\jdk1.6.0_25\jre\..\lib\tools.jar;C:\Users\Jimmy.Chen\.m2\repository\log4j\log4j\1.2.14\log4j-1.2.14.jar;C:\Users\Jimmy.Chen\.m2\repository\javax\servlet\servlet-api\2.5\servlet-api-2.5.jar;C:\Users\Jimmy.Chen\.m2\repository\junit\junit\4.10\junit-4.10.jar;C:\Users\Jimmy.Chen\.m2\repository\org\hamcrest\hamcrest-core\1.1\hamcrest-core-1.1.jar;C:\Users\Jimmy.Chen\.m2\repository\org\hamcrest\hamcrest-all\1.3\hamcrest-all-1.3.jar;C:\Users\Jimmy.Chen\.m2\repository\org\hsqldb\hsqldb\2.2.8\hsqldb-2.2.8.jar;C:\Users\Jimmy.Chen\.m2\repository\org\dbunit\dbunit\2.4.8\dbunit-2.4.8.jar;C:\Users\Jimmy.Chen\.m2\repository\org\slf4j\slf4j-api\1.5.6\slf4j-api-1.5.6.jar;C:\Users\Jimmy.Chen\.m2\repository\commons-collections\commons-collections\3.2.1\commons-collections-3.2.1.jar;C:\Users\Jimmy.Chen\.m2\repository\org\slf4j\slf4j-log4j12\1.5.6\slf4j-log4j12-1.5.6.jar;C:\Users\Jimmy.Chen\.m2\repository\junitperf\junitperf\1.8\junitperf-1.8.jar;C:\Users\Jimmy.Chen\.m2\repository\org\jmock\jmock\2.5.1\jmock-2.5.1.jar;C:\Users\Jimmy.Chen\.m2\repository\org\hamcrest\hamcrest-library\1.1\hamcrest-library-1.1.jar;C:\Users\Jimmy.Chen\.m2\repository\org\jmock\jmock-junit4\2.5.1\jmock-junit4-2.5.1.jar;C:\Users\Jimmy.Chen\.m2\repository\junit\junit-dep\4.4\junit-dep-4.4.jar;C:\Users\Jimmy.Chen\.m2\repository\org\eclipse\jetty\jetty-server\7.0.0.v20091005\jetty-server-7.0.0.v20091005.jar;C:\Users\Jimmy.Chen\.m2\repository\org\eclipse\jetty\jetty-continuation\7.0.0.v20091005\jetty-continuation-7.0.0.v20091005.jar;C:\Users\Jimmy.Chen\.m2\repository\org\eclipse\jetty\jetty-http\7.0.0.v20091005\jetty-http-7.0.0.v20091005.jar;C:\Users\Jimmy.Chen\.m2\repository\org\eclipse\jetty\jetty-io\7.0.0.v20091005\jetty-io-7.0.0.v20091005.jar;C:\Users\Jimmy.Chen\.m2\repository\org\eclipse\jetty\jetty-util\7.0.0.v20091005\jetty-util-7.0.0.v20091005.jar;C:\Users\Jimmy.Chen\.m2\repository\net\sourceforge\cobertura\cobertura\1.9.4.1\cobertura-1.9.4.1.jar;C:\Users\Jimmy.Chen\.m2\repository\org\apache\ant\ant\1.7.0\ant-1.7.0.jar;C:\Users\Jimmy.Chen\.m2\repository\org\apache\ant\ant-launcher\1.7.0\ant-launcher-1.7.0.jar;"/>
    <property name="java.specification.name" value="Java Platform API Specification"/>
    <property name="java.class.version" value="50.0"/>
    <property name="sun.management.compiler" value="HotSpot Client Compiler"/>
    <property name="os.version" value="6.1"/>
    <property name="user.home" value="C:\Users\Jimmy.Chen"/>
    <property name="user.timezone" value="Asia/Shanghai"/>
    <property name="java.awt.printerjob" value="sun.awt.windows.WPrinterJob"/>
    <property name="java.specification.version" value="1.6"/>
    <property name="file.encoding" value="Cp1252"/>
    <property name="user.name" value="Jimmy.Chen"/>
    <property name="java.class.path" value="E:\junit-training\junit-training\target\test-classes;E:\junit-training\junit-training\target\generated-classes\cobertura;C:\Users\Jimmy.Chen\.m2\repository\org\apache\struts\struts2-core\2.3.1.2\struts2-core-2.3.1.2.jar;C:\Users\Jimmy.Chen\.m2\repository\org\apache\struts\xwork\xwork-core\2.3.1.2\xwork-core-2.3.1.2.jar;C:\Users\Jimmy.Chen\.m2\repository\commons-lang\commons-lang\2.5\commons-lang-2.5.jar;C:\Users\Jimmy.Chen\.m2\repository\ognl\ognl\3.0.4\ognl-3.0.4.jar;C:\Users\Jimmy.Chen\.m2\repository\javassist\javassist\3.11.0.GA\javassist-3.11.0.GA.jar;C:\Users\Jimmy.Chen\.m2\repository\asm\asm\3.3\asm-3.3.jar;C:\Users\Jimmy.Chen\.m2\repository\asm\asm-commons\3.3\asm-commons-3.3.jar;C:\Users\Jimmy.Chen\.m2\repository\asm\asm-tree\3.3\asm-tree-3.3.jar;C:\Users\Jimmy.Chen\.m2\repository\org\freemarker\freemarker\2.3.18\freemarker-2.3.18.jar;C:\Users\Jimmy.Chen\.m2\repository\commons-fileupload\commons-fileupload\1.2.2\commons-fileupload-1.2.2.jar;C:\Users\Jimmy.Chen\.m2\repository\commons-io\commons-io\2.0.1\commons-io-2.0.1.jar;d:\java\jdk1.6.0_25\jre\..\lib\tools.jar;C:\Users\Jimmy.Chen\.m2\repository\log4j\log4j\1.2.14\log4j-1.2.14.jar;C:\Users\Jimmy.Chen\.m2\repository\javax\servlet\servlet-api\2.5\servlet-api-2.5.jar;C:\Users\Jimmy.Chen\.m2\repository\junit\junit\4.10\junit-4.10.jar;C:\Users\Jimmy.Chen\.m2\repository\org\hamcrest\hamcrest-core\1.1\hamcrest-core-1.1.jar;C:\Users\Jimmy.Chen\.m2\repository\org\hamcrest\hamcrest-all\1.3\hamcrest-all-1.3.jar;C:\Users\Jimmy.Chen\.m2\repository\org\hsqldb\hsqldb\2.2.8\hsqldb-2.2.8.jar;C:\Users\Jimmy.Chen\.m2\repository\org\dbunit\dbunit\2.4.8\dbunit-2.4.8.jar;C:\Users\Jimmy.Chen\.m2\repository\org\slf4j\slf4j-api\1.5.6\slf4j-api-1.5.6.jar;C:\Users\Jimmy.Chen\.m2\repository\commons-collections\commons-collections\3.2.1\commons-collections-3.2.1.jar;C:\Users\Jimmy.Chen\.m2\repository\org\slf4j\slf4j-log4j12\1.5.6\slf4j-log4j12-1.5.6.jar;C:\Users\Jimmy.Chen\.m2\repository\junitperf\junitperf\1.8\junitperf-1.8.jar;C:\Users\Jimmy.Chen\.m2\repository\org\jmock\jmock\2.5.1\jmock-2.5.1.jar;C:\Users\Jimmy.Chen\.m2\repository\org\hamcrest\hamcrest-library\1.1\hamcrest-library-1.1.jar;C:\Users\Jimmy.Chen\.m2\repository\org\jmock\jmock-junit4\2.5.1\jmock-junit4-2.5.1.jar;C:\Users\Jimmy.Chen\.m2\repository\junit\junit-dep\4.4\junit-dep-4.4.jar;C:\Users\Jimmy.Chen\.m2\repository\org\eclipse\jetty\jetty-server\7.0.0.v20091005\jetty-server-7.0.0.v20091005.jar;C:\Users\Jimmy.Chen\.m2\repository\org\eclipse\jetty\jetty-continuation\7.0.0.v20091005\jetty-continuation-7.0.0.v20091005.jar;C:\Users\Jimmy.Chen\.m2\repository\org\eclipse\jetty\jetty-http\7.0.0.v20091005\jetty-http-7.0.0.v20091005.jar;C:\Users\Jimmy.Chen\.m2\repository\org\eclipse\jetty\jetty-io\7.0.0.v20091005\jetty-io-7.0.0.v20091005.jar;C:\Users\Jimmy.Chen\.m2\repository\org\eclipse\jetty\jetty-util\7.0.0.v20091005\jetty-util-7.0.0.v20091005.jar;C:\Users\Jimmy.Chen\.m2\repository\net\sourceforge\cobertura\cobertura\1.9.4.1\cobertura-1.9.4.1.jar;C:\Users\Jimmy.Chen\.m2\repository\org\apache\ant\ant\1.7.0\ant-1.7.0.jar;C:\Users\Jimmy.Chen\.m2\repository\org\apache\ant\ant-launcher\1.7.0\ant-launcher-1.7.0.jar;"/>
    <property name="java.vm.specification.version" value="1.0"/>
    <property name="sun.arch.data.model" value="32"/>
    <property name="java.home" value="d:\java\jdk1.6.0_25\jre"/>
    <property name="sun.java.command" value="C:\Users\JIMMY~1.CHE\AppData\Local\Temp\surefirebooter8238616743643713640.jar C:\Users\JIMMY~1.CHE\AppData\Local\Temp\surefire181623869708865773tmp C:\Users\JIMMY~1.CHE\AppData\Local\Temp\surefire5167937642330488620tmp"/>
    <property name="java.specification.vendor" value="Sun Microsystems Inc."/>
    <property name="user.language" value="en"/>
    <property name="awt.toolkit" value="sun.awt.windows.WToolkit"/>
    <property name="java.vm.info" value="mixed mode, sharing"/>
    <property name="java.version" value="1.6.0_25"/>
    <property name="java.ext.dirs" value="d:\java\jdk1.6.0_25\jre\lib\ext;C:\Windows\Sun\Java\lib\ext"/>
    <property name="sun.boot.class.path" value="d:\java\jdk1.6.0_25\jre\lib\resources.jar;d:\java\jdk1.6.0_25\jre\lib\rt.jar;d:\java\jdk1.6.0_25\jre\lib\sunrsasign.jar;d:\java\jdk1.6.0_25\jre\lib\jsse.jar;d:\java\jdk1.6.0_25\jre\lib\jce.jar;d:\java\jdk1.6.0_25\jre\lib\charsets.jar;d:\java\jdk1.6.0_25\jre\lib\modules\jdk.boot.jar;d:\java\jdk1.6.0_25\jre\classes"/>
    <property name="java.vendor" value="Sun Microsystems Inc."/>
    <property name="localRepository" value="C:\Users\Jimmy.Chen\.m2\repository"/>
    <property name="file.separator" value="\"/>
    <property name="java.vendor.url.bug" value="http://java.sun.com/cgi-bin/bugreport.cgi"/>
    <property name="sun.cpu.endian" value="little"/>
    <property name="sun.io.unicode.encoding" value="UnicodeLittle"/>
    <property name="sun.desktop" value="windows"/>
    <property name="sun.cpu.isalist" value="pentium_pro+mmx pentium_pro pentium+mmx pentium i486 i386 i86"/>
  </properties>
  <testcase time="0.104" classname="com.coresolutins.training.HttpHelperEmbeddedTest" name="testGetContent"/>
</testsuite>